<?xml version="1.0" encoding="UTF-8"?>
<!-- Generated by org.testng.reporters.JUnitXMLReporter -->
<testsuite ignored="0" hostname="David" failures="0" tests="4" name="Default test" time="20.827" errors="0" timestamp="2021-08-24T22:43:51 PDT">
  <testcase classname="com.hrms.testCases.LoginTest" name="adminLogin" time="2.024"/>
  <testcase classname="com.hrms.testCases.LoginTest" name="emptyUsernameLogin" time="0.316"/>
  <testcase classname="com.hrms.testCases.LoginTest" name="invalidPasswordLogin" time="1.136"/>
  <testcase classname="com.hrms.testCases.LoginTest" name="timeStamp" time="0.003"/>
</testsuite> <!-- Default test -->
