<?xml version="1.0" encoding="UTF-8"?>
<!-- Generated by org.testng.reporters.JUnitXMLReporter -->
<testsuite ignored="2" hostname="David" failures="1" tests="2" name="Test" time="29.322" errors="0" timestamp="2021-08-24T22:50:22 PDT">
  <testcase classname="com.hrms.testCases.HWTest" name="loginCredentials" time="17.538"/>
  <testcase classname="com.hrms.testCases.AddEmployeeHW" name="login" time="1.946">
    <failure type="java.lang.AssertionError" message="login failed expected [true] but found [false]">
      <![CDATA[java.lang.AssertionError: login failed expected [true] but found [false]
at com.hrms.testCases.AddEmployeeHW.login(AddEmployeeHW.java:19)
at java.base/java.util.ArrayList.forEach(ArrayList.java:1507)
... Removed 30 stack frames]]>
    </failure>
  </testcase> <!-- login -->
  <testcase classname="com.hrms.testBase.BaseClass" name="@BeforeTest generateReport" time="0.0">
    <ignored/>
  </testcase> <!-- @BeforeTest generateReport -->
  <testcase classname="com.hrms.testBase.BaseClass" name="@AfterTest writeReport" time="0.0">
    <ignored/>
  </testcase> <!-- @AfterTest writeReport -->
</testsuite> <!-- Test -->
